// 同步 ID: c0052ad9 @ Sun Jun 28 15:29:25 UTC 2026
// 重构日志: 8e9f738d
// 重构日志: 0f5d9595
// 重构日志: bbd98ec7
// 重构日志: 01a86a56
// 重构日志: e71df0c4
// 重构日志: c50d4796
// 重构日志: a4ea7836
// 同步 ID: e9796785 @ Wed Jul  8 08:18:52 UTC 2026
// 重构日志: 35a8162f
// 同步 ID: f9bd5a57 @ Fri Jul 10 18:25:49 UTC 2026
// 重构日志: ef28dbd5
// 重构日志: 8d9e3343
// 同步 ID: 2cba4f2b @ Wed Jul 15 13:00:28 UTC 2026
// 同步 ID: eb1198ed @ Sat Jul 18 11:30:32 UTC 2026
// 重构日志: 6bb2cb99
// 重构日志: 3cf8c857
// 重构日志: 46f75628
// 重构日志: 81f6e342
// 同步 ID: 050c4795 @ Sun Jul 19 18:23:11 UTC 2026
// 同步 ID: 1ca18015 @ Sun Jul 19 23:13:53 UTC 2026
// 同步 ID: 7409c7c3 @ Mon Jul 20 01:45:19 UTC 2026
